[0412/141545.548:ERROR:process_info.cc(329)] VirtualQueryEx: Access is denied. (0x5)
[0412/141545.549:ERROR:process_info.cc(556)] ReadMemoryInfo failed
[0412/141545.549:ERROR:process_memory_win.cc(39)] Failed to initialize ProcessInfo.
[0412/141545.550:ERROR:scoped_process_suspend.cc(40)] NtResumeProcess: An attempt was made to access an exiting process. (0xc000010a)
[0420/114728.736:ERROR:process_memory_win.cc(73)] ReadMemory at 0xe27c5fb000 of 20480 bytes failed: Only part of a ReadProcessMemory or WriteProcessMemory request was completed. (0x12B)
[0420/114728.737:ERROR:process_memory_win.cc(73)] ReadMemory at 0xe27b53a000 of 852 bytes failed: Only part of a ReadProcessMemory or WriteProcessMemory request was completed. (0x12B)
[0420/114728.737:ERROR:process_memory_win.cc(73)] ReadMemory at 0xe27b53d000 of 6024 bytes failed: Only part of a ReadProcessMemory or WriteProcessMemory request was completed. (0x12B)
[0420/114728.738:ERROR:process_memory_win.cc(73)] ReadMemory at 0x28182110750 of 80 bytes failed: Only part of a ReadProcessMemory or WriteProcessMemory request was completed. (0x12B)
[0420/114728.738:ERROR:process_memory_win.cc(73)] ReadMemory at 0x28182110fe0 of 17504 bytes failed: Only part of a ReadProcessMemory or WriteProcessMemory request was completed. (0x12B)
[0420/114728.738:ERROR:process_memory_win.cc(73)] ReadMemory at 0x28182115450 of 1012 bytes failed: Only part of a ReadProcessMemory or WriteProcessMemory request was completed. (0x12B)
[0420/114728.738:ERROR:process_memory_win.cc(73)] ReadMemory at 0x28182115a98 of 118 bytes failed: Only part of a ReadProcessMemory or WriteProcessMemory request was completed. (0x12B)
[0420/114728.738:ERROR:process_memory_win.cc(73)] ReadMemory at 0x28182115b10 of 316 bytes failed: Only part of a ReadProcessMemory or WriteProcessMemory request was completed. (0x12B)
[0420/114728.738:ERROR:process_memory_win.cc(73)] ReadMemory at 0x28182115c4e of 118 bytes failed: Only part of a ReadProcessMemory or WriteProcessMemory request was completed. (0x12B)
[0420/114728.738:ERROR:process_memory_win.cc(73)] ReadMemory at 0x28182115cc6 of 100 bytes failed: Only part of a ReadProcessMemory or WriteProcessMemory request was completed. (0x12B)
[0420/114728.738:ERROR:process_memory_win.cc(73)] ReadMemory at 0x28182115d40 of 58 bytes failed: Only part of a ReadProcessMemory or WriteProcessMemory request was completed. (0x12B)
[0420/114728.738:ERROR:process_memory_win.cc(73)] ReadMemory at 0x28182115e40 of 132 bytes failed: Only part of a ReadProcessMemory or WriteProcessMemory request was completed. (0x12B)
[0420/114728.738:ERROR:process_memory_win.cc(73)] ReadMemory at 0x28182115fd0 of 132 bytes failed: Only part of a ReadProcessMemory or WriteProcessMemory request was completed. (0x12B)
[0420/114728.738:ERROR:process_memory_win.cc(73)] ReadMemory at 0x28182116190 of 126 bytes failed: Only part of a ReadProcessMemory or WriteProcessMemory request was completed. (0x12B)
[0420/114728.738:ERROR:process_memory_win.cc(73)] ReadMemory at 0x28182116570 of 132 bytes failed: Only part of a ReadProcessMemory or WriteProcessMemory request was completed. (0x12B)
[0420/114728.738:ERROR:process_memory_win.cc(73)] ReadMemory at 0x28182116700 of 64 bytes failed: Only part of a ReadProcessMemory or WriteProcessMemory request was completed. (0x12B)
[0420/114728.738:ERROR:process_memory_win.cc(73)] ReadMemory at 0x28182116750 of 132 bytes failed: Only part of a ReadProcessMemory or WriteProcessMemory request was completed. (0x12B)
[0420/114728.738:ERROR:process_memory_win.cc(73)] ReadMemory at 0x281821168c0 of 132 bytes failed: Only part of a ReadProcessMemory or WriteProcessMemory request was completed. (0x12B)
[0420/114728.738:ERROR:process_memory_win.cc(73)] ReadMemory at 0x28182116b60 of 132 bytes failed: Only part of a ReadProcessMemory or WriteProcessMemory request was completed. (0x12B)
[0420/114728.738:ERROR:process_memory_win.cc(73)] ReadMemory at 0x28182116cf0 of 68 bytes failed: Only part of a ReadProcessMemory or WriteProcessMemory request was completed. (0x12B)
[0420/114728.738:ERROR:process_memory_win.cc(73)] ReadMemory at 0x28182117ce0 of 132 bytes failed: Only part of a ReadProcessMemory or WriteProcessMemory request was completed. (0x12B)
[0420/114728.738:ERROR:process_memory_win.cc(73)] ReadMemory at 0x28182117e70 of 154 bytes failed: Only part of a ReadProcessMemory or WriteProcessMemory request was completed. (0x12B)
[0420/114728.738:ERROR:process_memory_win.cc(73)] ReadMemory at 0x28182118a0c of 512 bytes failed: Only part of a ReadProcessMemory or WriteProcessMemory request was completed. (0x12B)
[0420/114728.739:ERROR:process_memory_win.cc(73)] ReadMemory at 0x2818211a580 of 62 bytes failed: Only part of a ReadProcessMemory or WriteProcessMemory request was completed. (0x12B)
[0420/114728.739:ERROR:process_memory_win.cc(73)] ReadMemory at 0x2818211a600 of 146 bytes failed: Only part of a ReadProcessMemory or WriteProcessMemory request was completed. (0x12B)
[0420/114728.739:ERROR:process_memory_win.cc(73)] ReadMemory at 0x2818211a6e0 of 132 bytes failed: Only part of a ReadProcessMemory or WriteProcessMemory request was completed. (0x12B)
[0420/114728.739:ERROR:process_memory_win.cc(73)] ReadMemory at 0x2818211a870 of 60 bytes failed: Only part of a ReadProcessMemory or WriteProcessMemory request was completed. (0x12B)
[0420/114728.739:ERROR:process_memory_win.cc(73)] ReadMemory at 0x2818211adf0 of 132 bytes failed: Only part of a ReadProcessMemory or WriteProcessMemory request was completed. (0x12B)
[0420/114728.739:ERROR:process_memory_win.cc(73)] ReadMemory at 0x2818211b010 of 132 bytes failed: Only part of a ReadProcessMemory or WriteProcessMemory request was completed. (0x12B)
[0420/114728.739:ERROR:process_memory_win.cc(73)] ReadMemory at 0x2818211d660 of 132 bytes failed: Only part of a ReadProcessMemory or WriteProcessMemory request was completed. (0x12B)
[0420/114728.739:ERROR:process_memory_win.cc(73)] ReadMemory at 0x2818211d880 of 132 bytes failed: Only part of a ReadProcessMemory or WriteProcessMemory request was completed. (0x12B)
[0420/114728.739:ERROR:process_memory_win.cc(73)] ReadMemory at 0x2818211e050 of 60 bytes failed: Only part of a ReadProcessMemory or WriteProcessMemory request was completed. (0x12B)
[0420/114728.739:ERROR:process_memory_win.cc(73)] ReadMemory at 0x2818211e0a0 of 64 bytes failed: Only part of a ReadProcessMemory or WriteProcessMemory request was completed. (0x12B)
[0420/114728.739:ERROR:process_memory_win.cc(73)] ReadMemory at 0x2818211e1e0 of 64 bytes failed: Only part of a ReadProcessMemory or WriteProcessMemory request was completed. (0x12B)
[0420/114728.739:ERROR:process_memory_win.cc(73)] ReadMemory at 0x2818211e280 of 66 bytes failed: Only part of a ReadProcessMemory or WriteProcessMemory request was completed. (0x12B)
[0420/114728.739:ERROR:process_memory_win.cc(73)] ReadMemory at 0x2818211e2d0 of 64 bytes failed: Only part of a ReadProcessMemory or WriteProcessMemory request was completed. (0x12B)
[0420/114728.739:ERROR:process_memory_win.cc(73)] ReadMemory at 0x2818211e3c0 of 62 bytes failed: Only part of a ReadProcessMemory or WriteProcessMemory request was completed. (0x12B)
[0420/114728.739:ERROR:process_memory_win.cc(73)] ReadMemory at 0x2818211e4b0 of 62 bytes failed: Only part of a ReadProcessMemory or WriteProcessMemory request was completed. (0x12B)
[0420/114728.739:ERROR:process_memory_win.cc(73)] ReadMemory at 0x2818211e550 of 60 bytes failed: Only part of a ReadProcessMemory or WriteProcessMemory request was completed. (0x12B)
[0420/114728.739:ERROR:process_memory_win.cc(73)] ReadMemory at 0x2818211e5f0 of 64 bytes failed: Only part of a ReadProcessMemory or WriteProcessMemory request was completed. (0x12B)
[0420/114728.739:ERROR:process_memory_win.cc(73)] ReadMemory at 0x2818211f080 of 80 bytes failed: Only part of a ReadProcessMemory or WriteProcessMemory request was completed. (0x12B)
[0420/114728.739:ERROR:process_memory_win.cc(73)] ReadMemory at 0x2818211f2c0 of 76 bytes failed: Only part of a ReadProcessMemory or WriteProcessMemory request was completed. (0x12B)
[0420/114728.739:ERROR:process_memory_win.cc(73)] ReadMemory at 0x2818211f730 of 58 bytes failed: Only part of a ReadProcessMemory or WriteProcessMemory request was completed. (0x12B)
[0420/114728.739:ERROR:process_memory_win.cc(73)] ReadMemory at 0x2818211f7d0 of 66 bytes failed: Only part of a ReadProcessMemory or WriteProcessMemory request was completed. (0x12B)
[0420/114728.739:ERROR:process_memory_win.cc(73)] ReadMemory at 0x2818211f8c0 of 62 bytes failed: Only part of a ReadProcessMemory or WriteProcessMemory request was completed. (0x12B)
[0420/114728.740:ERROR:process_memory_win.cc(73)] ReadMemory at 0x2818211f9b0 of 62 bytes failed: Only part of a ReadProcessMemory or WriteProcessMemory request was completed. (0x12B)
[0420/114728.740:ERROR:process_memory_win.cc(73)] ReadMemory at 0x2818211faa0 of 60 bytes failed: Only part of a ReadProcessMemory or WriteProcessMemory request was completed. (0x12B)
[0420/114728.740:ERROR:process_memory_win.cc(73)] ReadMemory at 0x2818211faf0 of 62 bytes failed: Only part of a ReadProcessMemory or WriteProcessMemory request was completed. (0x12B)
[0420/114728.740:ERROR:process_memory_win.cc(73)] ReadMemory at 0x2818211fbe0 of 64 bytes failed: Only part of a ReadProcessMemory or WriteProcessMemory request was completed. (0x12B)
[0420/114728.740:ERROR:process_memory_win.cc(73)] ReadMemory at 0x2818211fc30 of 62 bytes failed: Only part of a ReadProcessMemory or WriteProcessMemory request was completed. (0x12B)
[0420/114728.740:ERROR:process_memory_win.cc(73)] ReadMemory at 0x2818211fc80 of 64 bytes failed: Only part of a ReadProcessMemory or WriteProcessMemory request was completed. (0x12B)
[0420/114728.740:ERROR:process_memory_win.cc(73)] ReadMemory at 0x2818211fcd0 of 64 bytes failed: Only part of a ReadProcessMemory or WriteProcessMemory request was completed. (0x12B)
[0420/114728.740:ERROR:process_memory_win.cc(73)] ReadMemory at 0x2818211fdc0 of 62 bytes failed: Only part of a ReadProcessMemory or WriteProcessMemory request was completed. (0x12B)
[0420/114728.740:ERROR:process_memory_win.cc(73)] ReadMemory at 0x2818211fff0 of 60 bytes failed: Only part of a ReadProcessMemory or WriteProcessMemory request was completed. (0x12B)
[0420/114728.740:ERROR:process_memory_win.cc(73)] ReadMemory at 0x28182120090 of 62 bytes failed: Only part of a ReadProcessMemory or WriteProcessMemory request was completed. (0x12B)
[0420/114728.740:ERROR:process_memory_win.cc(73)] ReadMemory at 0x281821200e0 of 62 bytes failed: Only part of a ReadProcessMemory or WriteProcessMemory request was completed. (0x12B)
[0420/114728.740:ERROR:process_memory_win.cc(73)] ReadMemory at 0x281821202c0 of 60 bytes failed: Only part of a ReadProcessMemory or WriteProcessMemory request was completed. (0x12B)
[0420/114728.740:ERROR:process_memory_win.cc(73)] ReadMemory at 0x28182120310 of 62 bytes failed: Only part of a ReadProcessMemory or WriteProcessMemory request was completed. (0x12B)
[0420/114728.740:ERROR:process_memory_win.cc(73)] ReadMemory at 0x281821204f0 of 64 bytes failed: Only part of a ReadProcessMemory or WriteProcessMemory request was completed. (0x12B)
[0420/114728.740:ERROR:process_memory_win.cc(73)] ReadMemory at 0x28182120630 of 60 bytes failed: Only part of a ReadProcessMemory or WriteProcessMemory request was completed. (0x12B)
[0420/114728.740:ERROR:process_memory_win.cc(73)] ReadMemory at 0x281821213b0 of 132 bytes failed: Only part of a ReadProcessMemory or WriteProcessMemory request was completed. (0x12B)
[0420/114728.740:ERROR:process_memory_win.cc(73)] ReadMemory at 0x28182123130 of 132 bytes failed: Only part of a ReadProcessMemory or WriteProcessMemory request was completed. (0x12B)
[0420/114728.741:ERROR:process_memory_win.cc(73)] ReadMemory at 0x28182123ad0 of 132 bytes failed: Only part of a ReadProcessMemory or WriteProcessMemory request was completed. (0x12B)
[0420/114728.741:ERROR:process_memory_win.cc(73)] ReadMemory at 0x28182123d30 of 132 bytes failed: Only part of a ReadProcessMemory or WriteProcessMemory request was completed. (0x12B)
[0420/114728.741:ERROR:process_memory_win.cc(73)] ReadMemory at 0x28182123e60 of 132 bytes failed: Only part of a ReadProcessMemory or WriteProcessMemory request was completed. (0x12B)
[0420/114728.741:ERROR:process_memory_win.cc(73)] ReadMemory at 0x28182123f90 of 132 bytes failed: Only part of a ReadProcessMemory or WriteProcessMemory request was completed. (0x12B)
[0420/114728.741:ERROR:process_memory_win.cc(73)] ReadMemory at 0x281821240c0 of 132 bytes failed: Only part of a ReadProcessMemory or WriteProcessMemory request was completed. (0x12B)
[0420/114728.741:ERROR:process_memory_win.cc(73)] ReadMemory at 0x281821241f0 of 132 bytes failed: Only part of a ReadProcessMemory or WriteProcessMemory request was completed. (0x12B)
[0420/114728.741:ERROR:process_memory_win.cc(73)] ReadMemory at 0x28182124320 of 132 bytes failed: Only part of a ReadProcessMemory or WriteProcessMemory request was completed. (0x12B)
[0420/114728.741:ERROR:process_memory_win.cc(73)] ReadMemory at 0x28182124450 of 132 bytes failed: Only part of a ReadProcessMemory or WriteProcessMemory request was completed. (0x12B)
[0420/114728.741:ERROR:process_memory_win.cc(73)] ReadMemory at 0x28182124580 of 132 bytes failed: Only part of a ReadProcessMemory or WriteProcessMemory request was completed. (0x12B)
[0420/114728.741:ERROR:process_memory_win.cc(73)] ReadMemory at 0x281821246b0 of 132 bytes failed: Only part of a ReadProcessMemory or WriteProcessMemory request was completed. (0x12B)
[0420/114728.741:ERROR:process_memory_win.cc(73)] ReadMemory at 0x281821247e0 of 132 bytes failed: Only part of a ReadProcessMemory or WriteProcessMemory request was completed. (0x12B)
[0420/114728.741:ERROR:process_memory_win.cc(73)] ReadMemory at 0x28182124910 of 132 bytes failed: Only part of a ReadProcessMemory or WriteProcessMemory request was completed. (0x12B)
[0420/114728.741:ERROR:process_memory_win.cc(73)] ReadMemory at 0x281821259e0 of 132 bytes failed: Only part of a ReadProcessMemory or WriteProcessMemory request was completed. (0x12B)
[0420/114728.741:ERROR:process_memory_win.cc(73)] ReadMemory at 0x28182129ec0 of 54 bytes failed: Only part of a ReadProcessMemory or WriteProcessMemory request was completed. (0x12B)
[0420/114728.741:ERROR:process_memory_win.cc(73)] ReadMemory at 0x2818212ab40 of 132 bytes failed: Only part of a ReadProcessMemory or WriteProcessMemory request was completed. (0x12B)
[0420/114728.741:ERROR:process_memory_win.cc(73)] ReadMemory at 0x2818212ad50 of 132 bytes failed: Only part of a ReadProcessMemory or WriteProcessMemory request was completed. (0x12B)
[0420/114728.741:ERROR:process_memory_win.cc(73)] ReadMemory at 0x2818212b0d0 of 132 bytes failed: Only part of a ReadProcessMemory or WriteProcessMemory request was completed. (0x12B)
[0420/114728.741:ERROR:process_memory_win.cc(73)] ReadMemory at 0x2818212b920 of 132 bytes failed: Only part of a ReadProcessMemory or WriteProcessMemory request was completed. (0x12B)
[0420/114728.741:ERROR:process_memory_win.cc(73)] ReadMemory at 0x2818212c040 of 132 bytes failed: Only part of a ReadProcessMemory or WriteProcessMemory request was completed. (0x12B)
[0420/114728.741:ERROR:process_memory_win.cc(73)] ReadMemory at 0x2818212c3d0 of 132 bytes failed: Only part of a ReadProcessMemory or WriteProcessMemory request was completed. (0x12B)
[0420/114728.741:ERROR:process_memory_win.cc(73)] ReadMemory at 0x2818212c500 of 132 bytes failed: Only part of a ReadProcessMemory or WriteProcessMemory request was completed. (0x12B)
[0420/114728.742:ERROR:process_memory_win.cc(73)] ReadMemory at 0x2818212c630 of 132 bytes failed: Only part of a ReadProcessMemory or WriteProcessMemory request was completed. (0x12B)
[0420/114728.742:ERROR:process_memory_win.cc(73)] ReadMemory at 0x2818212c760 of 132 bytes failed: Only part of a ReadProcessMemory or WriteProcessMemory request was completed. (0x12B)
[0420/114728.742:ERROR:process_memory_win.cc(73)] ReadMemory at 0x2818212c890 of 132 bytes failed: Only part of a ReadProcessMemory or WriteProcessMemory request was completed. (0x12B)
[0420/114728.742:ERROR:process_memory_win.cc(73)] ReadMemory at 0x2818212c9c0 of 132 bytes failed: Only part of a ReadProcessMemory or WriteProcessMemory request was completed. (0x12B)
[0420/114728.742:ERROR:process_memory_win.cc(73)] ReadMemory at 0x2818212caf0 of 132 bytes failed: Only part of a ReadProcessMemory or WriteProcessMemory request was completed. (0x12B)
[0420/114728.742:ERROR:process_memory_win.cc(73)] ReadMemory at 0x28182605eb0 of 512 bytes failed: Only part of a ReadProcessMemory or WriteProcessMemory request was completed. (0x12B)
[0420/114728.749:ERROR:scoped_process_suspend.cc(40)] NtResumeProcess: An attempt was made to access an exiting process. (0xc000010a)
[0420/181136.452:ERROR:process_info.cc(329)] VirtualQueryEx: Access is denied. (0x5)
[0420/181136.453:ERROR:process_info.cc(556)] ReadMemoryInfo failed
[0420/181136.453:ERROR:process_memory_win.cc(39)] Failed to initialize ProcessInfo.
[0420/181136.453:ERROR:scoped_process_suspend.cc(40)] NtResumeProcess: An attempt was made to access an exiting process. (0xc000010a)
[0423/141019.318:ERROR:process_info.cc(329)] VirtualQueryEx: Access is denied. (0x5)
[0423/141019.320:ERROR:process_info.cc(556)] ReadMemoryInfo failed
[0423/141019.320:ERROR:process_memory_win.cc(39)] Failed to initialize ProcessInfo.
[0423/141019.321:ERROR:scoped_process_suspend.cc(40)] NtResumeProcess: An attempt was made to access an exiting process. (0xc000010a)
